<?xml version="1.0" encoding="UTF-8"?>
<testsuites name="New Test Suite" time="20" tests="1" failures="0" errors="0">
   <testsuite name="New Test Suite" tests="1" failures="0" errors="0" time="20" timestamp="2018-07-26 14:34:58" hostname="slk - WSLK1FFTRFW-04.SLKSOFT.COM" id="Test Suites/Day 3/New Test Suite">
      <properties>
         <property name="deviceName" value=""/>
         <property name="devicePlatform" value=""/>
         <property name="logFolder" value="C:\\Users\\slk.WSLK1FFTRFW-04.000\\Katalon Studio\\Kat\\Reports\\Day 3\\New Test Suite\\20180726_143457"/>
         <property name="logFiles" value="C:\\Users\\slk.WSLK1FFTRFW-04.000\\Katalon Studio\\Kat\\Reports\\Day 3\\New Test Suite\\20180726_143457\\execution0.log"/>
         <property name="attachments" value=""/>
         <property name="hostName" value="slk - WSLK1FFTRFW-04.SLKSOFT.COM"/>
         <property name="os" value="Windows 7 64bit"/>
         <property name="katalonVersion" value="5.5.0.1"/>
         <property name="browser" value="Chrome 67.0.3396.99"/>
         <property name="hostAddress" value="192.168.56.1"/>
         <property name="sessionId" value="679f911299fa6d2a76024bf1e74e5c02"/>
         <property name="seleniumVersion" value="3.7.1"/>
         <property name="proxyInformation" value="ProxyInformation{proxyOption=NO_PROXY, proxyServerType=HTTP, password=, proxyServerAddress=, proxyServerPort=0}"/>
         <property name="platform" value="Windows 7"/>
      </properties>
      <testcase name="Test Cases/Day 3/test 2" classname="Test Cases/Day 3/test 2" status="PASSED">
         <system-out><![CDATA[2018-07-26 14:34:59 - [TEST_CASE][PASSED] - Test Cases/Day 3/test 2: Test Cases/Day 3/test 2

2018-07-26 14:34:59 - [TEST_STEP][PASSED] - openBrowser: Browser is opened with url: ''

2018-07-26 14:35:02 - [MESSAGE][PASSED] - Browser is opened with url: ''

2018-07-26 14:35:02 - [TEST_STEP][PASSED] - navigateToUrl: Navigate to 'https://opensource-demo.orangehrmlive.com/index.php/auth/login' successfully

2018-07-26 14:35:08 - [MESSAGE][PASSED] - Navigate to 'https://opensource-demo.orangehrmlive.com/index.php/auth/login' successfully

2018-07-26 14:35:08 - [TEST_STEP][PASSED] - setText: Text 'Admin' is set on object 'Object Repository/Page_OrangeHRM/input_txtUsername'

2018-07-26 14:35:08 - [MESSAGE][PASSED] - Text 'Admin' is set on object 'Object Repository/Page_OrangeHRM/input_txtUsername'

2018-07-26 14:35:08 - [TEST_STEP][PASSED] - setEncryptedText: Text ****** has been set on object 'Object Repository/Page_OrangeHRM/input_txtPassword'

2018-07-26 14:35:09 - [MESSAGE][PASSED] - Text ****** has been set on object 'Object Repository/Page_OrangeHRM/input_txtPassword'

2018-07-26 14:35:09 - [TEST_STEP][PASSED] - click: Object: 'Object Repository/Page_OrangeHRM/input_Submit' is clicked on

2018-07-26 14:35:13 - [MESSAGE][PASSED] - Object: 'Object Repository/Page_OrangeHRM/input_Submit' is clicked on

2018-07-26 14:35:13 - [TEST_STEP][PASSED] - click: Object: 'Object Repository/Page_OrangeHRM/b_Admin' is clicked on

2018-07-26 14:35:15 - [MESSAGE][PASSED] - Object: 'Object Repository/Page_OrangeHRM/b_Admin' is clicked on

2018-07-26 14:35:15 - [TEST_STEP][PASSED] - click: Object: 'Object Repository/Page_OrangeHRM/a_Admin' is clicked on

2018-07-26 14:35:15 - [MESSAGE][PASSED] - Object: 'Object Repository/Page_OrangeHRM/a_Admin' is clicked on

2018-07-26 14:35:15 - [TEST_STEP][PASSED] - click: Object: 'Object Repository/Page_OrangeHRM/input_btnSave' is clicked on

2018-07-26 14:35:15 - [MESSAGE][PASSED] - Object: 'Object Repository/Page_OrangeHRM/input_btnSave' is clicked on

2018-07-26 14:35:15 - [TEST_STEP][PASSED] - selectOptionByValue: All options with value '0' are selected in object 'Object Repository/Page_OrangeHRM/select_EnabledDisabled'  using regular expression

2018-07-26 14:35:16 - [MESSAGE][PASSED] - All options with value '0' are selected in object 'Object Repository/Page_OrangeHRM/select_EnabledDisabled'  using regular expression

2018-07-26 14:35:16 - [TEST_STEP][PASSED] - click: Object: 'Object Repository/Page_OrangeHRM/input_btnSave' is clicked on

2018-07-26 14:35:16 - [MESSAGE][PASSED] - Object: 'Object Repository/Page_OrangeHRM/input_btnSave' is clicked on

2018-07-26 14:35:16 - [TEST_STEP][PASSED] - closeBrowser: Browser is closed

2018-07-26 14:35:16 - [MESSAGE][PASSED] - Browser is closed]]></system-out>
         <system-err><![CDATA[]]></system-err>
      </testcase>
      <system-out><![CDATA[2018-07-26 14:34:58 - [TEST_SUITE][PASSED] - New Test Suite: Test Cases/Day 3/test 2]]></system-out>
      <system-err><![CDATA[]]></system-err>
   </testsuite>
</testsuites>
