<?xml version="1.0" encoding="UTF-8"?>
<testsuites name="Test Suite day 2" time="16" tests="1" failures="0" errors="0">
   <testsuite name="Test Suite day 2" tests="1" failures="0" errors="0" time="16" timestamp="2018-07-25 11:53:30" hostname="slk - WSLK1FFTRFW-04.SLKSOFT.COM" id="Test Suites/Test Suite day 2">
      <properties>
         <property name="deviceName" value=""/>
         <property name="devicePlatform" value=""/>
         <property name="logFolder" value="C:\\Users\\slk.WSLK1FFTRFW-04.000\\Katalon Studio\\Kat\\Reports\\Test Suite day 2\\20180725_115328"/>
         <property name="logFiles" value="C:\\Users\\slk.WSLK1FFTRFW-04.000\\Katalon Studio\\Kat\\Reports\\Test Suite day 2\\20180725_115328\\execution0.log"/>
         <property name="attachments" value=""/>
         <property name="hostName" value="slk - WSLK1FFTRFW-04.SLKSOFT.COM"/>
         <property name="os" value="Windows 7 64bit"/>
         <property name="katalonVersion" value="5.5.0.1"/>
         <property name="browser" value="Chrome 67.0.3396.99"/>
         <property name="hostAddress" value="192.168.56.1"/>
         <property name="sessionId" value="b6d7cca6456d01c217a3a5948507943e"/>
         <property name="seleniumVersion" value="3.7.1"/>
         <property name="proxyInformation" value="ProxyInformation{proxyOption=NO_PROXY, proxyServerType=HTTP, password=, proxyServerAddress=, proxyServerPort=0}"/>
         <property name="platform" value="Windows 7"/>
      </properties>
      <testcase name="Test Cases/Day 2/Test2" classname="Test Cases/Day 2/Test2" status="PASSED">
         <system-out><![CDATA[2018-07-25 11:53:30 - [TEST_CASE][PASSED] - Test Cases/Day 2/Test2: Test Cases/Day 2/Test2

2018-07-25 11:53:30 - [TEST_STEP][PASSED] - openBrowser: Browser is opened with url: ''

2018-07-25 11:53:33 - [MESSAGE][PASSED] - Browser is opened with url: ''

2018-07-25 11:53:33 - [TEST_STEP][PASSED] - navigateToUrl: Navigate to 'https://opensource-demo.orangehrmlive.com/' successfully

2018-07-25 11:53:39 - [MESSAGE][PASSED] - Navigate to 'https://opensource-demo.orangehrmlive.com/' successfully

2018-07-25 11:53:39 - [TEST_STEP][PASSED] - setText: Text 'Admin' is set on object 'Object Repository/Day11/Page_OrangeHRM/input_txtUsername'

2018-07-25 11:53:39 - [MESSAGE][PASSED] - Text 'Admin' is set on object 'Object Repository/Day11/Page_OrangeHRM/input_txtUsername'

2018-07-25 11:53:39 - [TEST_STEP][PASSED] - setText: Text 'admin123' is set on object 'Object Repository/Day 2/Page_OrangeHRM/input_txtPassword'

2018-07-25 11:53:39 - [MESSAGE][PASSED] - Text 'admin123' is set on object 'Object Repository/Day 2/Page_OrangeHRM/input_txtPassword'

2018-07-25 11:53:39 - [TEST_STEP][PASSED] - click: Object: 'Object Repository/Day11/Page_OrangeHRM/input_Submit' is clicked on

2018-07-25 11:53:43 - [MESSAGE][PASSED] - Object: 'Object Repository/Day11/Page_OrangeHRM/input_Submit' is clicked on

2018-07-25 11:53:43 - [TEST_STEP][PASSED] - closeBrowser: Browser is closed

2018-07-25 11:53:44 - [MESSAGE][PASSED] - Browser is closed]]></system-out>
         <system-err><![CDATA[]]></system-err>
      </testcase>
      <system-out><![CDATA[2018-07-25 11:53:30 - [TEST_SUITE][PASSED] - Test Suite day 2: Test Cases/Day 2/Test2]]></system-out>
      <system-err><![CDATA[]]></system-err>
   </testsuite>
</testsuites>
